<?xml version="1.0" encoding="UTF-8"?>
<robot generator="Robot 7.3.2 (Python 3.12.4 on win32)" generated="2025-09-09T02:47:35.115512" rpa="false" schemaversion="5">
<suite id="s1" name="Tests" source="C:\Users\JoelRocha\Pictures\Projeto Automacao\Backend\tests">
<suite id="s1-s1" name="Test Cep Caracteres" source="C:\Users\JoelRocha\Pictures\Projeto Automacao\Backend\tests\test_cep_caracteres.robot">
<test id="s1-s1-t1" name="Caracteres Especiais Devem Retornar 400" line="8">
<for flavor="IN">
<iter>
<kw name="Log To Console" owner="BuiltIn">
<arg>\n[INFO] Testando CEP com caracteres inválidos: ${cep}</arg>
<doc>Logs the given message to the console.</doc>
<status status="PASS" start="2025-09-09T02:47:35.400433" elapsed="0.000000"/>
</kw>
<kw name="Buscar CEP" owner="viacep_keywords">
<kw name="Log To Console" owner="BuiltIn">
<arg>\n[INFO] Consultando CEP: ${cep}</arg>
<doc>Logs the given message to the console.</doc>
<status status="PASS" start="2025-09-09T02:47:35.400433" elapsed="0.000000"/>
</kw>
<kw name="GET" owner="RequestsLibrary">
<msg time="2025-09-09T02:47:35.686896" level="INFO">GET Request : url=https://viacep.com.br/ws/abjt1844/json/ 
 path_url=/ws/abjt1844/json/ 
 headers={'User-Agent': 'python-requests/2.32.3', 'Accept-Encoding': 'gzip, deflate', 'Accept': '*/*', 'Connection': 'keep-alive'} 
 body=None 
 </msg>
<msg time="2025-09-09T02:47:35.686896" level="INFO">GET Response : url=https://viacep.com.br/ws/abjt1844/json/ 
 status=400, reason=Bad Request 
 headers={'Server': 'nginx/1.22.0', 'Date': 'Tue, 09 Sep 2025 05:47:35 GMT', 'Content-Type': 'text/html; charset=utf-8', 'Content-Length': '494', 'Connection': 'close', 'ETag': '"6242f812-1ee"', 'Strict-Transport-Security': 'max-age=63072000'} 
 body=&lt;!DOCTYPE HTML&gt;
&lt;html lang="pt-br"&gt;

&lt;head&gt;
  &lt;title&gt;ViaCEP 400&lt;/title&gt;
  &lt;meta charset="utf-8" /&gt;
  &lt;style type="text/css"&gt;
      h1 {
          color: #555;
          text-align: center;
          font-size: 4em;
      }
      h2, h3 {
          color: #666;
          text-align: center;
          font-size: 3em;
      }
      h3 {
          font-size: 1.5em;
      }
  &lt;/style&gt;
&lt;/head&gt;

&lt;body&gt;
    &lt;h1&gt;Http 400&lt;/h1&gt;
    &lt;h3&gt;Verifique a URL&lt;/h3&gt;
    &lt;h3&gt;{Bad Request}&lt;/h3&gt;
&lt;/body&gt;

&lt;/html&gt;
 
 </msg>
<msg time="2025-09-09T02:47:35.686896" level="INFO">${response} = &lt;Response [400]&gt;</msg>
<var>${response}</var>
<arg>${BASE_URL}/${cep}/json/</arg>
<arg>expected_status=any</arg>
<doc>Sends a GET request.</doc>
<status status="PASS" start="2025-09-09T02:47:35.400433" elapsed="0.286463"/>
</kw>
<kw name="Log" owner="BuiltIn">
<msg time="2025-09-09T02:47:35.686896" level="INFO">Status: 400, Body: &lt;!DOCTYPE HTML&gt;
&lt;html lang="pt-br"&gt;

&lt;head&gt;
  &lt;title&gt;ViaCEP 400&lt;/title&gt;
  &lt;meta charset="utf-8" /&gt;
  &lt;style type="text/css"&gt;
      h1 {
          color: #555;
          text-align: center;
          font-size: 4em;
      }
      h2, h3 {
          color: #666;
          text-align: center;
          font-size: 3em;
      }
      h3 {
          font-size: 1.5em;
      }
  &lt;/style&gt;
&lt;/head&gt;

&lt;body&gt;
    &lt;h1&gt;Http 400&lt;/h1&gt;
    &lt;h3&gt;Verifique a URL&lt;/h3&gt;
    &lt;h3&gt;{Bad Request}&lt;/h3&gt;
&lt;/body&gt;

&lt;/html&gt;
</msg>
<arg>Status: ${response.status_code}, Body: ${response.text}</arg>
<doc>Logs the given message with the given level.</doc>
<status status="PASS" start="2025-09-09T02:47:35.686896" elapsed="0.000000"/>
</kw>
<return>
<value>${response}</value>
<status status="PASS" start="2025-09-09T02:47:35.686896" elapsed="0.000000"/>
</return>
<msg time="2025-09-09T02:47:35.686896" level="INFO">${response} = &lt;Response [400]&gt;</msg>
<var>${response}</var>
<arg>${cep}</arg>
<status status="PASS" start="2025-09-09T02:47:35.400433" elapsed="0.286463"/>
</kw>
<kw name="Should Be Equal As Integers" owner="BuiltIn">
<msg time="2025-09-09T02:47:35.698195" level="INFO">Argument types are:
&lt;class 'int'&gt;
&lt;class 'str'&gt;</msg>
<arg>${response.status_code}</arg>
<arg>400</arg>
<doc>Fails if objects are unequal after converting them to integers.</doc>
<status status="PASS" start="2025-09-09T02:47:35.686896" elapsed="0.011299"/>
</kw>
<var name="${cep}">abjt1844</var>
<status status="PASS" start="2025-09-09T02:47:35.400433" elapsed="0.297762"/>
</iter>
<iter>
<kw name="Log To Console" owner="BuiltIn">
<arg>\n[INFO] Testando CEP com caracteres inválidos: ${cep}</arg>
<doc>Logs the given message to the console.</doc>
<status status="PASS" start="2025-09-09T02:47:35.698195" elapsed="0.000000"/>
</kw>
<kw name="Buscar CEP" owner="viacep_keywords">
<kw name="Log To Console" owner="BuiltIn">
<arg>\n[INFO] Consultando CEP: ${cep}</arg>
<doc>Logs the given message to the console.</doc>
<status status="PASS" start="2025-09-09T02:47:35.698195" elapsed="0.000000"/>
</kw>
<kw name="GET" owner="RequestsLibrary">
<msg time="2025-09-09T02:47:35.966287" level="INFO">GET Request : url=https://viacep.com.br/ws/!@#$%25%23&amp;*/json/ 
 path_url=/ws/!@ 
 headers={'User-Agent': 'python-requests/2.32.3', 'Accept-Encoding': 'gzip, deflate', 'Accept': '*/*', 'Connection': 'keep-alive'} 
 body=None 
 </msg>
<msg time="2025-09-09T02:47:35.966287" level="INFO">GET Response : url=https://viacep.com.br/ws/!@#$%25%23&amp;*/json/ 
 status=400, reason=Bad Request 
 headers={'Server': 'nginx/1.22.0', 'Date': 'Tue, 09 Sep 2025 05:47:35 GMT', 'Content-Type': 'text/html; charset=utf-8', 'Content-Length': '494', 'Connection': 'close', 'ETag': '"6242f812-1ee"', 'Strict-Transport-Security': 'max-age=63072000'} 
 body=&lt;!DOCTYPE HTML&gt;
&lt;html lang="pt-br"&gt;

&lt;head&gt;
  &lt;title&gt;ViaCEP 400&lt;/title&gt;
  &lt;meta charset="utf-8" /&gt;
  &lt;style type="text/css"&gt;
      h1 {
          color: #555;
          text-align: center;
          font-size: 4em;
      }
      h2, h3 {
          color: #666;
          text-align: center;
          font-size: 3em;
      }
      h3 {
          font-size: 1.5em;
      }
  &lt;/style&gt;
&lt;/head&gt;

&lt;body&gt;
    &lt;h1&gt;Http 400&lt;/h1&gt;
    &lt;h3&gt;Verifique a URL&lt;/h3&gt;
    &lt;h3&gt;{Bad Request}&lt;/h3&gt;
&lt;/body&gt;

&lt;/html&gt;
 
 </msg>
<msg time="2025-09-09T02:47:35.966287" level="INFO">${response} = &lt;Response [400]&gt;</msg>
<var>${response}</var>
<arg>${BASE_URL}/${cep}/json/</arg>
<arg>expected_status=any</arg>
<doc>Sends a GET request.</doc>
<status status="PASS" start="2025-09-09T02:47:35.698195" elapsed="0.268092"/>
</kw>
<kw name="Log" owner="BuiltIn">
<msg time="2025-09-09T02:47:35.966287" level="INFO">Status: 400, Body: &lt;!DOCTYPE HTML&gt;
&lt;html lang="pt-br"&gt;

&lt;head&gt;
  &lt;title&gt;ViaCEP 400&lt;/title&gt;
  &lt;meta charset="utf-8" /&gt;
  &lt;style type="text/css"&gt;
      h1 {
          color: #555;
          text-align: center;
          font-size: 4em;
      }
      h2, h3 {
          color: #666;
          text-align: center;
          font-size: 3em;
      }
      h3 {
          font-size: 1.5em;
      }
  &lt;/style&gt;
&lt;/head&gt;

&lt;body&gt;
    &lt;h1&gt;Http 400&lt;/h1&gt;
    &lt;h3&gt;Verifique a URL&lt;/h3&gt;
    &lt;h3&gt;{Bad Request}&lt;/h3&gt;
&lt;/body&gt;

&lt;/html&gt;
</msg>
<arg>Status: ${response.status_code}, Body: ${response.text}</arg>
<doc>Logs the given message with the given level.</doc>
<status status="PASS" start="2025-09-09T02:47:35.966287" elapsed="0.000000"/>
</kw>
<return>
<value>${response}</value>
<status status="PASS" start="2025-09-09T02:47:35.966287" elapsed="0.000000"/>
</return>
<msg time="2025-09-09T02:47:35.966287" level="INFO">${response} = &lt;Response [400]&gt;</msg>
<var>${response}</var>
<arg>${cep}</arg>
<status status="PASS" start="2025-09-09T02:47:35.698195" elapsed="0.268092"/>
</kw>
<kw name="Should Be Equal As Integers" owner="BuiltIn">
<msg time="2025-09-09T02:47:35.966287" level="INFO">Argument types are:
&lt;class 'int'&gt;
&lt;class 'str'&gt;</msg>
<arg>${response.status_code}</arg>
<arg>400</arg>
<doc>Fails if objects are unequal after converting them to integers.</doc>
<status status="PASS" start="2025-09-09T02:47:35.966287" elapsed="0.000000"/>
</kw>
<var name="${cep}">!@#$%#&amp;*</var>
<status status="PASS" start="2025-09-09T02:47:35.698195" elapsed="0.268092"/>
</iter>
<iter>
<kw name="Log To Console" owner="BuiltIn">
<arg>\n[INFO] Testando CEP com caracteres inválidos: ${cep}</arg>
<doc>Logs the given message to the console.</doc>
<status status="PASS" start="2025-09-09T02:47:35.966287" elapsed="0.000000"/>
</kw>
<kw name="Buscar CEP" owner="viacep_keywords">
<kw name="Log To Console" owner="BuiltIn">
<arg>\n[INFO] Consultando CEP: ${cep}</arg>
<doc>Logs the given message to the console.</doc>
<status status="PASS" start="2025-09-09T02:47:35.966287" elapsed="0.000000"/>
</kw>
<kw name="GET" owner="RequestsLibrary">
<msg time="2025-09-09T02:47:36.257524" level="INFO">GET Request : url=https://viacep.com.br/ws/52-345-677/json/ 
 path_url=/ws/52-345-677/json/ 
 headers={'User-Agent': 'python-requests/2.32.3', 'Accept-Encoding': 'gzip, deflate', 'Accept': '*/*', 'Connection': 'keep-alive'} 
 body=None 
 </msg>
<msg time="2025-09-09T02:47:36.257524" level="INFO">GET Response : url=https://viacep.com.br/ws/52-345-677/json/ 
 status=400, reason=Bad Request 
 headers={'Server': 'nginx/1.22.0', 'Date': 'Tue, 09 Sep 2025 05:47:36 GMT', 'Content-Type': 'text/html; charset=utf-8', 'Content-Length': '494', 'Connection': 'close', 'ETag': '"6242f812-1ee"', 'Strict-Transport-Security': 'max-age=63072000'} 
 body=&lt;!DOCTYPE HTML&gt;
&lt;html lang="pt-br"&gt;

&lt;head&gt;
  &lt;title&gt;ViaCEP 400&lt;/title&gt;
  &lt;meta charset="utf-8" /&gt;
  &lt;style type="text/css"&gt;
      h1 {
          color: #555;
          text-align: center;
          font-size: 4em;
      }
      h2, h3 {
          color: #666;
          text-align: center;
          font-size: 3em;
      }
      h3 {
          font-size: 1.5em;
      }
  &lt;/style&gt;
&lt;/head&gt;

&lt;body&gt;
    &lt;h1&gt;Http 400&lt;/h1&gt;
    &lt;h3&gt;Verifique a URL&lt;/h3&gt;
    &lt;h3&gt;{Bad Request}&lt;/h3&gt;
&lt;/body&gt;

&lt;/html&gt;
 
 </msg>
<msg time="2025-09-09T02:47:36.257524" level="INFO">${response} = &lt;Response [400]&gt;</msg>
<var>${response}</var>
<arg>${BASE_URL}/${cep}/json/</arg>
<arg>expected_status=any</arg>
<doc>Sends a GET request.</doc>
<status status="PASS" start="2025-09-09T02:47:35.982390" elapsed="0.275134"/>
</kw>
<kw name="Log" owner="BuiltIn">
<msg time="2025-09-09T02:47:36.257524" level="INFO">Status: 400, Body: &lt;!DOCTYPE HTML&gt;
&lt;html lang="pt-br"&gt;

&lt;head&gt;
  &lt;title&gt;ViaCEP 400&lt;/title&gt;
  &lt;meta charset="utf-8" /&gt;
  &lt;style type="text/css"&gt;
      h1 {
          color: #555;
          text-align: center;
          font-size: 4em;
      }
      h2, h3 {
          color: #666;
          text-align: center;
          font-size: 3em;
      }
      h3 {
          font-size: 1.5em;
      }
  &lt;/style&gt;
&lt;/head&gt;

&lt;body&gt;
    &lt;h1&gt;Http 400&lt;/h1&gt;
    &lt;h3&gt;Verifique a URL&lt;/h3&gt;
    &lt;h3&gt;{Bad Request}&lt;/h3&gt;
&lt;/body&gt;

&lt;/html&gt;
</msg>
<arg>Status: ${response.status_code}, Body: ${response.text}</arg>
<doc>Logs the given message with the given level.</doc>
<status status="PASS" start="2025-09-09T02:47:36.257524" elapsed="0.000000"/>
</kw>
<return>
<value>${response}</value>
<status status="PASS" start="2025-09-09T02:47:36.257524" elapsed="0.000000"/>
</return>
<msg time="2025-09-09T02:47:36.257524" level="INFO">${response} = &lt;Response [400]&gt;</msg>
<var>${response}</var>
<arg>${cep}</arg>
<status status="PASS" start="2025-09-09T02:47:35.966287" elapsed="0.291237"/>
</kw>
<kw name="Should Be Equal As Integers" owner="BuiltIn">
<msg time="2025-09-09T02:47:36.257524" level="INFO">Argument types are:
&lt;class 'int'&gt;
&lt;class 'str'&gt;</msg>
<arg>${response.status_code}</arg>
<arg>400</arg>
<doc>Fails if objects are unequal after converting them to integers.</doc>
<status status="PASS" start="2025-09-09T02:47:36.257524" elapsed="0.000000"/>
</kw>
<var name="${cep}">52-345-677</var>
<status status="PASS" start="2025-09-09T02:47:35.966287" elapsed="0.291237"/>
</iter>
<var>${cep}</var>
<value>@{CEPS_INVALIDOS}</value>
<status status="PASS" start="2025-09-09T02:47:35.400433" elapsed="0.857091"/>
</for>
<status status="PASS" start="2025-09-09T02:47:35.400433" elapsed="0.857091"/>
</test>
<status status="PASS" start="2025-09-09T02:47:35.132457" elapsed="1.125067"/>
</suite>
<suite id="s1-s2" name="Test Cep Formato" source="C:\Users\JoelRocha\Pictures\Projeto Automacao\Backend\tests\test_cep_formato.robot">
<test id="s1-s2-t1" name="Formato Incorreto Deve Retornar 400" line="8">
<for flavor="IN">
<iter>
<kw name="Log To Console" owner="BuiltIn">
<arg>\n[INFO] Testando CEP com formato incorreto: ${cep}</arg>
<doc>Logs the given message to the console.</doc>
<status status="PASS" start="2025-09-09T02:47:36.257524" elapsed="0.000000"/>
</kw>
<kw name="Buscar CEP" owner="viacep_keywords">
<kw name="Log To Console" owner="BuiltIn">
<arg>\n[INFO] Consultando CEP: ${cep}</arg>
<doc>Logs the given message to the console.</doc>
<status status="PASS" start="2025-09-09T02:47:36.257524" elapsed="0.000000"/>
</kw>
<kw name="GET" owner="RequestsLibrary">
<msg time="2025-09-09T02:47:36.538327" level="INFO">GET Request : url=https://viacep.com.br/ws/1234567/json/ 
 path_url=/ws/1234567/json/ 
 headers={'User-Agent': 'python-requests/2.32.3', 'Accept-Encoding': 'gzip, deflate', 'Accept': '*/*', 'Connection': 'keep-alive'} 
 body=None 
 </msg>
<msg time="2025-09-09T02:47:36.538327" level="INFO">GET Response : url=https://viacep.com.br/ws/1234567/json/ 
 status=400, reason=Bad Request 
 headers={'Server': 'nginx/1.22.0', 'Date': 'Tue, 09 Sep 2025 05:47:36 GMT', 'Content-Type': 'text/html; charset=utf-8', 'Content-Length': '494', 'Connection': 'close', 'ETag': '"6242f812-1ee"', 'Strict-Transport-Security': 'max-age=63072000'} 
 body=&lt;!DOCTYPE HTML&gt;
&lt;html lang="pt-br"&gt;

&lt;head&gt;
  &lt;title&gt;ViaCEP 400&lt;/title&gt;
  &lt;meta charset="utf-8" /&gt;
  &lt;style type="text/css"&gt;
      h1 {
          color: #555;
          text-align: center;
          font-size: 4em;
      }
      h2, h3 {
          color: #666;
          text-align: center;
          font-size: 3em;
      }
      h3 {
          font-size: 1.5em;
      }
  &lt;/style&gt;
&lt;/head&gt;

&lt;body&gt;
    &lt;h1&gt;Http 400&lt;/h1&gt;
    &lt;h3&gt;Verifique a URL&lt;/h3&gt;
    &lt;h3&gt;{Bad Request}&lt;/h3&gt;
&lt;/body&gt;

&lt;/html&gt;
 
 </msg>
<msg time="2025-09-09T02:47:36.538327" level="INFO">${response} = &lt;Response [400]&gt;</msg>
<var>${response}</var>
<arg>${BASE_URL}/${cep}/json/</arg>
<arg>expected_status=any</arg>
<doc>Sends a GET request.</doc>
<status status="PASS" start="2025-09-09T02:47:36.257524" elapsed="0.280803"/>
</kw>
<kw name="Log" owner="BuiltIn">
<msg time="2025-09-09T02:47:36.539339" level="INFO">Status: 400, Body: &lt;!DOCTYPE HTML&gt;
&lt;html lang="pt-br"&gt;

&lt;head&gt;
  &lt;title&gt;ViaCEP 400&lt;/title&gt;
  &lt;meta charset="utf-8" /&gt;
  &lt;style type="text/css"&gt;
      h1 {
          color: #555;
          text-align: center;
          font-size: 4em;
      }
      h2, h3 {
          color: #666;
          text-align: center;
          font-size: 3em;
      }
      h3 {
          font-size: 1.5em;
      }
  &lt;/style&gt;
&lt;/head&gt;

&lt;body&gt;
    &lt;h1&gt;Http 400&lt;/h1&gt;
    &lt;h3&gt;Verifique a URL&lt;/h3&gt;
    &lt;h3&gt;{Bad Request}&lt;/h3&gt;
&lt;/body&gt;

&lt;/html&gt;
</msg>
<arg>Status: ${response.status_code}, Body: ${response.text}</arg>
<doc>Logs the given message with the given level.</doc>
<status status="PASS" start="2025-09-09T02:47:36.539339" elapsed="0.000000"/>
</kw>
<return>
<value>${response}</value>
<status status="PASS" start="2025-09-09T02:47:36.539339" elapsed="0.000000"/>
</return>
<msg time="2025-09-09T02:47:36.539339" level="INFO">${response} = &lt;Response [400]&gt;</msg>
<var>${response}</var>
<arg>${cep}</arg>
<status status="PASS" start="2025-09-09T02:47:36.257524" elapsed="0.281815"/>
</kw>
<kw name="Should Be Equal As Integers" owner="BuiltIn">
<msg time="2025-09-09T02:47:36.540350" level="INFO">Argument types are:
&lt;class 'int'&gt;
&lt;class 'str'&gt;</msg>
<arg>${response.status_code}</arg>
<arg>400</arg>
<doc>Fails if objects are unequal after converting them to integers.</doc>
<status status="PASS" start="2025-09-09T02:47:36.539339" elapsed="0.001011"/>
</kw>
<var name="${cep}">1234567</var>
<status status="PASS" start="2025-09-09T02:47:36.257524" elapsed="0.282826"/>
</iter>
<iter>
<kw name="Log To Console" owner="BuiltIn">
<arg>\n[INFO] Testando CEP com formato incorreto: ${cep}</arg>
<doc>Logs the given message to the console.</doc>
<status status="PASS" start="2025-09-09T02:47:36.540350" elapsed="0.000000"/>
</kw>
<kw name="Buscar CEP" owner="viacep_keywords">
<kw name="Log To Console" owner="BuiltIn">
<arg>\n[INFO] Consultando CEP: ${cep}</arg>
<doc>Logs the given message to the console.</doc>
<status status="PASS" start="2025-09-09T02:47:36.540350" elapsed="0.000978"/>
</kw>
<kw name="GET" owner="RequestsLibrary">
<msg time="2025-09-09T02:47:36.799873" level="INFO">GET Request : url=https://viacep.com.br/ws/123456789/json/ 
 path_url=/ws/123456789/json/ 
 headers={'User-Agent': 'python-requests/2.32.3', 'Accept-Encoding': 'gzip, deflate', 'Accept': '*/*', 'Connection': 'keep-alive'} 
 body=None 
 </msg>
<msg time="2025-09-09T02:47:36.799873" level="INFO">GET Response : url=https://viacep.com.br/ws/123456789/json/ 
 status=400, reason=Bad Request 
 headers={'Server': 'nginx/1.22.0', 'Date': 'Tue, 09 Sep 2025 05:47:36 GMT', 'Content-Type': 'text/html; charset=utf-8', 'Content-Length': '494', 'Connection': 'close', 'ETag': '"6242f812-1ee"', 'Strict-Transport-Security': 'max-age=63072000'} 
 body=&lt;!DOCTYPE HTML&gt;
&lt;html lang="pt-br"&gt;

&lt;head&gt;
  &lt;title&gt;ViaCEP 400&lt;/title&gt;
  &lt;meta charset="utf-8" /&gt;
  &lt;style type="text/css"&gt;
      h1 {
          color: #555;
          text-align: center;
          font-size: 4em;
      }
      h2, h3 {
          color: #666;
          text-align: center;
          font-size: 3em;
      }
      h3 {
          font-size: 1.5em;
      }
  &lt;/style&gt;
&lt;/head&gt;

&lt;body&gt;
    &lt;h1&gt;Http 400&lt;/h1&gt;
    &lt;h3&gt;Verifique a URL&lt;/h3&gt;
    &lt;h3&gt;{Bad Request}&lt;/h3&gt;
&lt;/body&gt;

&lt;/html&gt;
 
 </msg>
<msg time="2025-09-09T02:47:36.799873" level="INFO">${response} = &lt;Response [400]&gt;</msg>
<var>${response}</var>
<arg>${BASE_URL}/${cep}/json/</arg>
<arg>expected_status=any</arg>
<doc>Sends a GET request.</doc>
<status status="PASS" start="2025-09-09T02:47:36.541328" elapsed="0.258545"/>
</kw>
<kw name="Log" owner="BuiltIn">
<msg time="2025-09-09T02:47:36.815885" level="INFO">Status: 400, Body: &lt;!DOCTYPE HTML&gt;
&lt;html lang="pt-br"&gt;

&lt;head&gt;
  &lt;title&gt;ViaCEP 400&lt;/title&gt;
  &lt;meta charset="utf-8" /&gt;
  &lt;style type="text/css"&gt;
      h1 {
          color: #555;
          text-align: center;
          font-size: 4em;
      }
      h2, h3 {
          color: #666;
          text-align: center;
          font-size: 3em;
      }
      h3 {
          font-size: 1.5em;
      }
  &lt;/style&gt;
&lt;/head&gt;

&lt;body&gt;
    &lt;h1&gt;Http 400&lt;/h1&gt;
    &lt;h3&gt;Verifique a URL&lt;/h3&gt;
    &lt;h3&gt;{Bad Request}&lt;/h3&gt;
&lt;/body&gt;

&lt;/html&gt;
</msg>
<arg>Status: ${response.status_code}, Body: ${response.text}</arg>
<doc>Logs the given message with the given level.</doc>
<status status="PASS" start="2025-09-09T02:47:36.799873" elapsed="0.016012"/>
</kw>
<return>
<value>${response}</value>
<status status="PASS" start="2025-09-09T02:47:36.815885" elapsed="0.000000"/>
</return>
<msg time="2025-09-09T02:47:36.815885" level="INFO">${response} = &lt;Response [400]&gt;</msg>
<var>${response}</var>
<arg>${cep}</arg>
<status status="PASS" start="2025-09-09T02:47:36.540350" elapsed="0.275535"/>
</kw>
<kw name="Should Be Equal As Integers" owner="BuiltIn">
<msg time="2025-09-09T02:47:36.815885" level="INFO">Argument types are:
&lt;class 'int'&gt;
&lt;class 'str'&gt;</msg>
<arg>${response.status_code}</arg>
<arg>400</arg>
<doc>Fails if objects are unequal after converting them to integers.</doc>
<status status="PASS" start="2025-09-09T02:47:36.815885" elapsed="0.000000"/>
</kw>
<var name="${cep}">123456789</var>
<status status="PASS" start="2025-09-09T02:47:36.540350" elapsed="0.275535"/>
</iter>
<iter>
<kw name="Log To Console" owner="BuiltIn">
<arg>\n[INFO] Testando CEP com formato incorreto: ${cep}</arg>
<doc>Logs the given message to the console.</doc>
<status status="PASS" start="2025-09-09T02:47:36.815885" elapsed="0.000000"/>
</kw>
<kw name="Buscar CEP" owner="viacep_keywords">
<kw name="Log To Console" owner="BuiltIn">
<arg>\n[INFO] Consultando CEP: ${cep}</arg>
<doc>Logs the given message to the console.</doc>
<status status="PASS" start="2025-09-09T02:47:36.815885" elapsed="0.005334"/>
</kw>
<kw name="GET" owner="RequestsLibrary">
<msg time="2025-09-09T02:47:37.098695" level="INFO">GET Request : url=https://viacep.com.br/ws/12/json/ 
 path_url=/ws/12/json/ 
 headers={'User-Agent': 'python-requests/2.32.3', 'Accept-Encoding': 'gzip, deflate', 'Accept': '*/*', 'Connection': 'keep-alive'} 
 body=None 
 </msg>
<msg time="2025-09-09T02:47:37.098695" level="INFO">GET Response : url=https://viacep.com.br/ws/12/json/ 
 status=400, reason=Bad Request 
 headers={'Server': 'nginx/1.22.0', 'Date': 'Tue, 09 Sep 2025 05:47:37 GMT', 'Content-Type': 'text/html; charset=utf-8', 'Content-Length': '494', 'Connection': 'close', 'ETag': '"6242f812-1ee"', 'Strict-Transport-Security': 'max-age=63072000'} 
 body=&lt;!DOCTYPE HTML&gt;
&lt;html lang="pt-br"&gt;

&lt;head&gt;
  &lt;title&gt;ViaCEP 400&lt;/title&gt;
  &lt;meta charset="utf-8" /&gt;
  &lt;style type="text/css"&gt;
      h1 {
          color: #555;
          text-align: center;
          font-size: 4em;
      }
      h2, h3 {
          color: #666;
          text-align: center;
          font-size: 3em;
      }
      h3 {
          font-size: 1.5em;
      }
  &lt;/style&gt;
&lt;/head&gt;

&lt;body&gt;
    &lt;h1&gt;Http 400&lt;/h1&gt;
    &lt;h3&gt;Verifique a URL&lt;/h3&gt;
    &lt;h3&gt;{Bad Request}&lt;/h3&gt;
&lt;/body&gt;

&lt;/html&gt;
 
 </msg>
<msg time="2025-09-09T02:47:37.098695" level="INFO">${response} = &lt;Response [400]&gt;</msg>
<var>${response}</var>
<arg>${BASE_URL}/${cep}/json/</arg>
<arg>expected_status=any</arg>
<doc>Sends a GET request.</doc>
<status status="PASS" start="2025-09-09T02:47:36.821219" elapsed="0.277476"/>
</kw>
<kw name="Log" owner="BuiltIn">
<msg time="2025-09-09T02:47:37.098695" level="INFO">Status: 400, Body: &lt;!DOCTYPE HTML&gt;
&lt;html lang="pt-br"&gt;

&lt;head&gt;
  &lt;title&gt;ViaCEP 400&lt;/title&gt;
  &lt;meta charset="utf-8" /&gt;
  &lt;style type="text/css"&gt;
      h1 {
          color: #555;
          text-align: center;
          font-size: 4em;
      }
      h2, h3 {
          color: #666;
          text-align: center;
          font-size: 3em;
      }
      h3 {
          font-size: 1.5em;
      }
  &lt;/style&gt;
&lt;/head&gt;

&lt;body&gt;
    &lt;h1&gt;Http 400&lt;/h1&gt;
    &lt;h3&gt;Verifique a URL&lt;/h3&gt;
    &lt;h3&gt;{Bad Request}&lt;/h3&gt;
&lt;/body&gt;

&lt;/html&gt;
</msg>
<arg>Status: ${response.status_code}, Body: ${response.text}</arg>
<doc>Logs the given message with the given level.</doc>
<status status="PASS" start="2025-09-09T02:47:37.098695" elapsed="0.000000"/>
</kw>
<return>
<value>${response}</value>
<status status="PASS" start="2025-09-09T02:47:37.098695" elapsed="0.000000"/>
</return>
<msg time="2025-09-09T02:47:37.098695" level="INFO">${response} = &lt;Response [400]&gt;</msg>
<var>${response}</var>
<arg>${cep}</arg>
<status status="PASS" start="2025-09-09T02:47:36.815885" elapsed="0.282810"/>
</kw>
<kw name="Should Be Equal As Integers" owner="BuiltIn">
<msg time="2025-09-09T02:47:37.098695" level="INFO">Argument types are:
&lt;class 'int'&gt;
&lt;class 'str'&gt;</msg>
<arg>${response.status_code}</arg>
<arg>400</arg>
<doc>Fails if objects are unequal after converting them to integers.</doc>
<status status="PASS" start="2025-09-09T02:47:37.098695" elapsed="0.000000"/>
</kw>
<var name="${cep}">12</var>
<status status="PASS" start="2025-09-09T02:47:36.815885" elapsed="0.282810"/>
</iter>
<iter>
<kw name="Log To Console" owner="BuiltIn">
<arg>\n[INFO] Testando CEP com formato incorreto: ${cep}</arg>
<doc>Logs the given message to the console.</doc>
<status status="PASS" start="2025-09-09T02:47:37.098695" elapsed="0.000000"/>
</kw>
<kw name="Buscar CEP" owner="viacep_keywords">
<kw name="Log To Console" owner="BuiltIn">
<arg>\n[INFO] Consultando CEP: ${cep}</arg>
<doc>Logs the given message to the console.</doc>
<status status="PASS" start="2025-09-09T02:47:37.098695" elapsed="0.000000"/>
</kw>
<kw name="GET" owner="RequestsLibrary">
<msg time="2025-09-09T02:47:37.381776" level="INFO">GET Request : url=https://viacep.com.br/ws//json/ 
 path_url=/ws//json/ 
 headers={'User-Agent': 'python-requests/2.32.3', 'Accept-Encoding': 'gzip, deflate', 'Accept': '*/*', 'Connection': 'keep-alive'} 
 body=None 
 </msg>
<msg time="2025-09-09T02:47:37.381776" level="INFO">GET Response : url=https://viacep.com.br/ws//json/ 
 status=400, reason=Bad Request 
 headers={'Server': 'nginx/1.22.0', 'Date': 'Tue, 09 Sep 2025 05:47:37 GMT', 'Content-Type': 'text/html; charset=utf-8', 'Content-Length': '494', 'Connection': 'close', 'ETag': '"6242f812-1ee"', 'Strict-Transport-Security': 'max-age=63072000'} 
 body=&lt;!DOCTYPE HTML&gt;
&lt;html lang="pt-br"&gt;

&lt;head&gt;
  &lt;title&gt;ViaCEP 400&lt;/title&gt;
  &lt;meta charset="utf-8" /&gt;
  &lt;style type="text/css"&gt;
      h1 {
          color: #555;
          text-align: center;
          font-size: 4em;
      }
      h2, h3 {
          color: #666;
          text-align: center;
          font-size: 3em;
      }
      h3 {
          font-size: 1.5em;
      }
  &lt;/style&gt;
&lt;/head&gt;

&lt;body&gt;
    &lt;h1&gt;Http 400&lt;/h1&gt;
    &lt;h3&gt;Verifique a URL&lt;/h3&gt;
    &lt;h3&gt;{Bad Request}&lt;/h3&gt;
&lt;/body&gt;

&lt;/html&gt;
 
 </msg>
<msg time="2025-09-09T02:47:37.381776" level="INFO">${response} = &lt;Response [400]&gt;</msg>
<var>${response}</var>
<arg>${BASE_URL}/${cep}/json/</arg>
<arg>expected_status=any</arg>
<doc>Sends a GET request.</doc>
<status status="PASS" start="2025-09-09T02:47:37.098695" elapsed="0.283081"/>
</kw>
<kw name="Log" owner="BuiltIn">
<msg time="2025-09-09T02:47:37.381776" level="INFO">Status: 400, Body: &lt;!DOCTYPE HTML&gt;
&lt;html lang="pt-br"&gt;

&lt;head&gt;
  &lt;title&gt;ViaCEP 400&lt;/title&gt;
  &lt;meta charset="utf-8" /&gt;
  &lt;style type="text/css"&gt;
      h1 {
          color: #555;
          text-align: center;
          font-size: 4em;
      }
      h2, h3 {
          color: #666;
          text-align: center;
          font-size: 3em;
      }
      h3 {
          font-size: 1.5em;
      }
  &lt;/style&gt;
&lt;/head&gt;

&lt;body&gt;
    &lt;h1&gt;Http 400&lt;/h1&gt;
    &lt;h3&gt;Verifique a URL&lt;/h3&gt;
    &lt;h3&gt;{Bad Request}&lt;/h3&gt;
&lt;/body&gt;

&lt;/html&gt;
</msg>
<arg>Status: ${response.status_code}, Body: ${response.text}</arg>
<doc>Logs the given message with the given level.</doc>
<status status="PASS" start="2025-09-09T02:47:37.381776" elapsed="0.000000"/>
</kw>
<return>
<value>${response}</value>
<status status="PASS" start="2025-09-09T02:47:37.381776" elapsed="0.000000"/>
</return>
<msg time="2025-09-09T02:47:37.381776" level="INFO">${response} = &lt;Response [400]&gt;</msg>
<var>${response}</var>
<arg>${cep}</arg>
<status status="PASS" start="2025-09-09T02:47:37.098695" elapsed="0.283081"/>
</kw>
<kw name="Should Be Equal As Integers" owner="BuiltIn">
<msg time="2025-09-09T02:47:37.381776" level="INFO">Argument types are:
&lt;class 'int'&gt;
&lt;class 'str'&gt;</msg>
<arg>${response.status_code}</arg>
<arg>400</arg>
<doc>Fails if objects are unequal after converting them to integers.</doc>
<status status="PASS" start="2025-09-09T02:47:37.381776" elapsed="0.000000"/>
</kw>
<var name="${cep}"/>
<status status="PASS" start="2025-09-09T02:47:37.098695" elapsed="0.283081"/>
</iter>
<var>${cep}</var>
<value>@{CEPS_INVALIDOS}</value>
<status status="PASS" start="2025-09-09T02:47:36.257524" elapsed="1.124252"/>
</for>
<status status="PASS" start="2025-09-09T02:47:36.257524" elapsed="1.124252"/>
</test>
<status status="PASS" start="2025-09-09T02:47:36.257524" elapsed="1.136489"/>
</suite>
<suite id="s1-s3" name="Test Cep Invalido" source="C:\Users\JoelRocha\Pictures\Projeto Automacao\Backend\tests\test_cep_invalido.robot">
<test id="s1-s3-t1" name="CEP Inválido Deve Retornar Erro" line="5">
<kw name="Buscar CEP" owner="viacep_keywords">
<kw name="Log To Console" owner="BuiltIn">
<arg>\n[INFO] Consultando CEP: ${cep}</arg>
<doc>Logs the given message to the console.</doc>
<status status="PASS" start="2025-09-09T02:47:37.401700" elapsed="0.000000"/>
</kw>
<kw name="GET" owner="RequestsLibrary">
<msg time="2025-09-09T02:47:37.680168" level="INFO">GET Request : url=https://viacep.com.br/ws/00000000/json/ 
 path_url=/ws/00000000/json/ 
 headers={'User-Agent': 'python-requests/2.32.3', 'Accept-Encoding': 'gzip, deflate', 'Accept': '*/*', 'Connection': 'keep-alive'} 
 body=None 
 </msg>
<msg time="2025-09-09T02:47:37.680168" level="INFO">GET Response : url=https://viacep.com.br/ws/00000000/json/ 
 status=200, reason=OK 
 headers={'Server': 'nginx/1.22.0', 'Date': 'Tue, 09 Sep 2025 05:47:37 GMT', 'Content-Type': 'application/json; charset=utf-8', 'Transfer-Encoding': 'chunked', 'Connection': 'keep-alive', 'Access-Control-Allow-Origin': '*', 'Access-Control-Allow-Methods': 'GET', 'Access-Control-Allow-Headers': 'Content-Type, X-Request-With, X-Requested-By', 'Access-Control-Allow-Credentials': 'true', 'Access-Control-Max-Age': '86400', 'Strict-Transport-Security': 'max-age=63072000'} 
 body={
  "erro": "true"
} 
 </msg>
<msg time="2025-09-09T02:47:37.680168" level="INFO">${response} = &lt;Response [200]&gt;</msg>
<var>${response}</var>
<arg>${BASE_URL}/${cep}/json/</arg>
<arg>expected_status=any</arg>
<doc>Sends a GET request.</doc>
<status status="PASS" start="2025-09-09T02:47:37.401700" elapsed="0.278468"/>
</kw>
<kw name="Log" owner="BuiltIn">
<msg time="2025-09-09T02:47:37.694563" level="INFO">Status: 200, Body: {
  "erro": "true"
}</msg>
<arg>Status: ${response.status_code}, Body: ${response.text}</arg>
<doc>Logs the given message with the given level.</doc>
<status status="PASS" start="2025-09-09T02:47:37.680168" elapsed="0.014395"/>
</kw>
<return>
<value>${response}</value>
<status status="PASS" start="2025-09-09T02:47:37.694563" elapsed="0.000000"/>
</return>
<msg time="2025-09-09T02:47:37.694563" level="INFO">${response} = &lt;Response [200]&gt;</msg>
<var>${response}</var>
<arg>00000000</arg>
<status status="PASS" start="2025-09-09T02:47:37.400458" elapsed="0.294105"/>
</kw>
<kw name="Should Be Equal As Integers" owner="BuiltIn">
<msg time="2025-09-09T02:47:37.696074" level="INFO">Argument types are:
&lt;class 'int'&gt;
&lt;class 'str'&gt;</msg>
<arg>${response.status_code}</arg>
<arg>200</arg>
<doc>Fails if objects are unequal after converting them to integers.</doc>
<status status="PASS" start="2025-09-09T02:47:37.696074" elapsed="0.000000"/>
</kw>
<kw name="Evaluate" owner="BuiltIn">
<msg time="2025-09-09T02:47:37.696074" level="INFO">${data} = {'erro': 'true'}</msg>
<var>${data}</var>
<arg>$response.json()</arg>
<doc>Evaluates the given expression in Python and returns the result.</doc>
<status status="PASS" start="2025-09-09T02:47:37.696074" elapsed="0.000000"/>
</kw>
<kw name="Log To Console" owner="BuiltIn">
<arg>[INFO] Retorno CEP inválido: ${data}</arg>
<doc>Logs the given message to the console.</doc>
<status status="PASS" start="2025-09-09T02:47:37.696074" elapsed="0.000000"/>
</kw>
<kw name="Should Contain" owner="BuiltIn">
<arg>${data}</arg>
<arg>erro</arg>
<doc>Fails if ``container`` does not contain ``item`` one or more times.</doc>
<status status="PASS" start="2025-09-09T02:47:37.696074" elapsed="0.000000"/>
</kw>
<kw name="Set Variable" owner="BuiltIn">
<msg time="2025-09-09T02:47:37.696074" level="INFO">${erro} = true</msg>
<var>${erro}</var>
<arg>${data["erro"]}</arg>
<doc>Returns the given values which can then be assigned to a variables.</doc>
<status status="PASS" start="2025-09-09T02:47:37.696074" elapsed="0.000000"/>
</kw>
<kw name="Convert To String" owner="BuiltIn">
<msg time="2025-09-09T02:47:37.696074" level="INFO">${erro_str} = true</msg>
<var>${erro_str}</var>
<arg>${erro}</arg>
<doc>Converts the given item to a Unicode string.</doc>
<status status="PASS" start="2025-09-09T02:47:37.696074" elapsed="0.000000"/>
</kw>
<kw name="Should Be Equal As Strings" owner="BuiltIn">
<arg>${erro_str}</arg>
<arg>true</arg>
<doc>Fails if objects are unequal after converting them to strings.</doc>
<status status="PASS" start="2025-09-09T02:47:37.696074" elapsed="0.000000"/>
</kw>
<status status="PASS" start="2025-09-09T02:47:37.400458" elapsed="0.295616"/>
</test>
<status status="PASS" start="2025-09-09T02:47:37.394013" elapsed="0.302061"/>
</suite>
<suite id="s1-s4" name="Test Cep Valido" source="C:\Users\JoelRocha\Pictures\Projeto Automacao\Backend\tests\test_cep_valido.robot">
<test id="s1-s4-t1" name="CEP Válido Deve Retornar Dados Corretos" line="6">
<kw name="Buscar CEP" owner="viacep_keywords">
<kw name="Log To Console" owner="BuiltIn">
<arg>\n[INFO] Consultando CEP: ${cep}</arg>
<doc>Logs the given message to the console.</doc>
<status status="PASS" start="2025-09-09T02:47:37.707212" elapsed="0.000000"/>
</kw>
<kw name="GET" owner="RequestsLibrary">
<msg time="2025-09-09T02:47:37.971126" level="INFO">GET Request : url=https://viacep.com.br/ws/01001000/json/ 
 path_url=/ws/01001000/json/ 
 headers={'User-Agent': 'python-requests/2.32.3', 'Accept-Encoding': 'gzip, deflate', 'Accept': '*/*', 'Connection': 'keep-alive'} 
 body=None 
 </msg>
<msg time="2025-09-09T02:47:37.971126" level="INFO">GET Response : url=https://viacep.com.br/ws/01001000/json/ 
 status=200, reason=OK 
 headers={'Server': 'nginx/1.22.0', 'Date': 'Tue, 09 Sep 2025 05:47:37 GMT', 'Content-Type': 'application/json; charset=utf-8', 'Transfer-Encoding': 'chunked', 'Connection': 'keep-alive', 'Expires': 'Tue, 09 Sep 2025 06:47:37 GMT', 'Cache-Control': 'max-age=3600, public', 'Pragma': 'public', 'Access-Control-Allow-Origin': '*', 'Access-Control-Allow-Methods': 'GET', 'Access-Control-Allow-Headers': 'Content-Type, X-Request-With, X-Requested-By', 'Access-Control-Allow-Credentials': 'true', 'Access-Control-Max-Age': '86400'} 
 body={
  "cep": "01001-000",
  "logradouro": "Praça da Sé",
  "complemento": "lado ímpar",
  "unidade": "",
  "bairro": "Sé",
  "localidade": "São Paulo",
  "uf": "SP",
  "estado": "São Paulo",
  "regiao": "Sudeste",
  "ibge": "3550308",
  "gia": "1004",
  "ddd": "11",
  "siafi": "7107"
} 
 </msg>
<msg time="2025-09-09T02:47:37.971126" level="INFO">${response} = &lt;Response [200]&gt;</msg>
<var>${response}</var>
<arg>${BASE_URL}/${cep}/json/</arg>
<arg>expected_status=any</arg>
<doc>Sends a GET request.</doc>
<status status="PASS" start="2025-09-09T02:47:37.707212" elapsed="0.263914"/>
</kw>
<kw name="Log" owner="BuiltIn">
<msg time="2025-09-09T02:47:37.971126" level="INFO">Status: 200, Body: {
  "cep": "01001-000",
  "logradouro": "Praça da Sé",
  "complemento": "lado ímpar",
  "unidade": "",
  "bairro": "Sé",
  "localidade": "São Paulo",
  "uf": "SP",
  "estado": "São Paulo",
  "regiao": "Sudeste",
  "ibge": "3550308",
  "gia": "1004",
  "ddd": "11",
  "siafi": "7107"
}</msg>
<arg>Status: ${response.status_code}, Body: ${response.text}</arg>
<doc>Logs the given message with the given level.</doc>
<status status="PASS" start="2025-09-09T02:47:37.971126" elapsed="0.000000"/>
</kw>
<return>
<value>${response}</value>
<status status="PASS" start="2025-09-09T02:47:37.971126" elapsed="0.000000"/>
</return>
<msg time="2025-09-09T02:47:37.971126" level="INFO">${response} = &lt;Response [200]&gt;</msg>
<var>${response}</var>
<arg>01001000</arg>
<status status="PASS" start="2025-09-09T02:47:37.707212" elapsed="0.263914"/>
</kw>
<kw name="Should Be Equal As Integers" owner="BuiltIn">
<msg time="2025-09-09T02:47:37.986287" level="INFO">Argument types are:
&lt;class 'int'&gt;
&lt;class 'str'&gt;</msg>
<arg>${response.status_code}</arg>
<arg>200</arg>
<doc>Fails if objects are unequal after converting them to integers.</doc>
<status status="PASS" start="2025-09-09T02:47:37.971126" elapsed="0.015161"/>
</kw>
<kw name="Evaluate" owner="BuiltIn">
<msg time="2025-09-09T02:47:37.986287" level="INFO">${data} = {'cep': '01001-000', 'logradouro': 'Praça da Sé', 'complemento': 'lado ímpar', 'unidade': '', 'bairro': 'Sé', 'localidade': 'São Paulo', 'uf': 'SP', 'estado': 'São Paulo', 'regiao': 'Sudeste', 'ibge':...</msg>
<var>${data}</var>
<arg>json.loads('''${response.text}''')</arg>
<arg>json</arg>
<doc>Evaluates the given expression in Python and returns the result.</doc>
<status status="PASS" start="2025-09-09T02:47:37.986287" elapsed="0.000000"/>
</kw>
<kw name="Log To Console" owner="BuiltIn">
<arg>[INFO] Retorno CEP válido: ${data}</arg>
<doc>Logs the given message to the console.</doc>
<status status="PASS" start="2025-09-09T02:47:37.986287" elapsed="0.000000"/>
</kw>
<kw name="Should Be Equal" owner="BuiltIn">
<arg>${data["cep"]}</arg>
<arg>01001-000</arg>
<doc>Fails if the given objects are unequal.</doc>
<status status="PASS" start="2025-09-09T02:47:37.986287" elapsed="0.000000"/>
</kw>
<kw name="Should Be Equal" owner="BuiltIn">
<arg>${data["logradouro"]}</arg>
<arg>Praça da Sé</arg>
<doc>Fails if the given objects are unequal.</doc>
<status status="PASS" start="2025-09-09T02:47:37.986287" elapsed="0.000000"/>
</kw>
<kw name="Should Be Equal" owner="BuiltIn">
<arg>${data["bairro"]}</arg>
<arg>Sé</arg>
<doc>Fails if the given objects are unequal.</doc>
<status status="PASS" start="2025-09-09T02:47:37.986287" elapsed="0.000000"/>
</kw>
<kw name="Should Be Equal" owner="BuiltIn">
<arg>${data["localidade"]}</arg>
<arg>São Paulo</arg>
<doc>Fails if the given objects are unequal.</doc>
<status status="PASS" start="2025-09-09T02:47:37.986287" elapsed="0.000000"/>
</kw>
<kw name="Should Be Equal" owner="BuiltIn">
<arg>${data["uf"]}</arg>
<arg>SP</arg>
<doc>Fails if the given objects are unequal.</doc>
<status status="PASS" start="2025-09-09T02:47:37.986287" elapsed="0.000000"/>
</kw>
<status status="PASS" start="2025-09-09T02:47:37.706705" elapsed="0.288175"/>
</test>
<status status="PASS" start="2025-09-09T02:47:37.696074" elapsed="0.298806"/>
</suite>
<status status="PASS" start="2025-09-09T02:47:35.115512" elapsed="2.881847"/>
</suite>
<statistics>
<total>
<stat pass="4" fail="0" skip="0">All Tests</stat>
</total>
<tag>
</tag>
<suite>
<stat name="Tests" id="s1" pass="4" fail="0" skip="0">Tests</stat>
<stat name="Test Cep Caracteres" id="s1-s1" pass="1" fail="0" skip="0">Tests.Test Cep Caracteres</stat>
<stat name="Test Cep Formato" id="s1-s2" pass="1" fail="0" skip="0">Tests.Test Cep Formato</stat>
<stat name="Test Cep Invalido" id="s1-s3" pass="1" fail="0" skip="0">Tests.Test Cep Invalido</stat>
<stat name="Test Cep Valido" id="s1-s4" pass="1" fail="0" skip="0">Tests.Test Cep Valido</stat>
</suite>
</statistics>
<errors>
</errors>
</robot>
